<?xml version="1.0" encoding="UTF-8"?>
<testng-results ignored="0" total="1" passed="1" failed="0" skipped="0">
  <reporter-output>
  </reporter-output>
  <suite started-at="2025-10-03T17:23:30 IST" name="Default suite" finished-at="2025-10-03T17:23:34 IST" duration-ms="4170">
    <groups>
    </groups>
    <test started-at="2025-10-03T17:23:30 IST" name="Default test" finished-at="2025-10-03T17:23:34 IST" duration-ms="4170">
      <class name="com.api.tests.CreateUserTestAPI6">
        <test-method signature="userCreationTest(int)[pri:0, instance:com.api.tests.CreateUserTestAPI6@7903d448]" started-at="2025-10-03T17:23:30 IST" name="userCreationTest" description="Verify user creation API is working based on properties file configuration for multiple users" finished-at="2025-10-03T17:23:34 IST" duration-ms="4025" status="PASS">
          <params>
            <param index="0">
              <value>
                <![CDATA[5]]>
              </value>
            </param>
          </params>
          <reporter-output>
          </reporter-output>
        </test-method> <!-- userCreationTest -->
      </class> <!-- com.api.tests.CreateUserTestAPI6 -->
    </test> <!-- Default test -->
  </suite> <!-- Default suite -->
</testng-results>
