<?xml version="1.0" encoding="UTF-8"?>
<testng-results ignored="0" total="1" passed="1" failed="0" skipped="0">
  <reporter-output>
  </reporter-output>
  <suite started-at="2025-10-03T18:47:23 IST" name="Default suite" finished-at="2025-10-03T18:47:28 IST" duration-ms="4642">
    <groups>
    </groups>
    <test started-at="2025-10-03T18:47:23 IST" name="Default test" finished-at="2025-10-03T18:47:28 IST" duration-ms="4642">
      <class name="com.api.tests.CreatePetTestAPI">
        <test-method signature="createSinglePetTest()[pri:0, instance:com.api.tests.CreatePetTestAPI@24e83d19]" started-at="2025-10-03T18:47:23 IST" name="createSinglePetTest" description="Verify single pet creation API is working using TestDataGenerator and matches expected response structure" finished-at="2025-10-03T18:47:28 IST" duration-ms="4517" status="PASS">
          <reporter-output>
          </reporter-output>
        </test-method> <!-- createSinglePetTest -->
      </class> <!-- com.api.tests.CreatePetTestAPI -->
    </test> <!-- Default test -->
  </suite> <!-- Default suite -->
</testng-results>
